<?xml version="1.0" encoding="UTF-8"?>
<testng-results skipped="0" failed="0" ignored="0" total="1" passed="1">
  <reporter-output>
  </reporter-output>
  <suite name="Default suite" duration-ms="53570" started-at="2022-02-10T16:38:47 CET" finished-at="2022-02-10T16:39:40 CET">
    <groups>
    </groups>
    <test name="Default test" duration-ms="53570" started-at="2022-02-10T16:38:47 CET" finished-at="2022-02-10T16:39:40 CET">
      <class name="d08_02_Tests.FormTest">
        <test-method status="PASS" signature="beforeMethod()[pri:0, instance:d08_02_Tests.FormTest@569cfc36]" name="beforeMethod" is-config="true" duration-ms="4140" started-at="2022-02-10T16:38:47 CET" finished-at="2022-02-10T16:38:51 CET">
          <reporter-output>
          </reporter-output>
        </test-method> <!-- beforeMethod -->
        <test-method status="PASS" signature="checkForm()[pri:0, instance:d08_02_Tests.FormTest@569cfc36]" name="checkForm" duration-ms="48774" started-at="2022-02-10T16:38:51 CET" finished-at="2022-02-10T16:39:40 CET">
          <reporter-output>
          </reporter-output>
        </test-method> <!-- checkForm -->
        <test-method status="PASS" signature="afterMethod()[pri:0, instance:d08_02_Tests.FormTest@569cfc36]" name="afterMethod" is-config="true" duration-ms="621" started-at="2022-02-10T16:39:40 CET" finished-at="2022-02-10T16:39:40 CET">
          <reporter-output>
          </reporter-output>
        </test-method> <!-- afterMethod -->
      </class> <!-- d08_02_Tests.FormTest -->
    </test> <!-- Default test -->
  </suite> <!-- Default suite -->
</testng-results>
